4721
0 0 7 0
0 2 1 5
0 8 1 11
0 12 1 15
0 16 3 17
0 18 3 19
0 20 7 20
0 21 1 24
0 25 7 25
0 26 3 27
0 29 7 29
0 30 7 30
0 31 7 31
0 37 1 40
0 41 7 41
0 44 7 44
0 45 3 46
0 47 7 47
0 48 1 51
0 52 7 52
0 53 1 56
0 57 7 57
0 59 7 59
0 60 7 60
0 62 7 62
0 65 3 66
0 67 3 68
0 69 0 76
0 77 7 77
0 78 1 81
0 82 0 89
0 90 3 91
0 92 3 93
0 94 7 94
0 96 3 97
0 99 7 99
0 100 0 107
0 109 7 109
0 110 3 111
0 113 7 113
0 115 3 116
0 117 7 117
0 118 3 119
0 122 7 122
0 123 7 123
0 124 3 125
0 127 7 127
0 128 3 129
0 130 7 130
0 131 7 131
0 132 7 132
0 136 1 139
0 140 7 140
0 141 3 142
0 143 7 143
0 144 0 151
0 153 7 153
0 154 7 154
0 157 1 160
0 161 7 161
0 162 3 163
0 164 3 165
0 166 7 166
0 167 7 167
0 168 3 169
0 170 7 170
0 173 1 176
0 177 7 177
0 178 7 178
0 179 1 182
0 183 7 183
0 184 7 184
0 185 3 186
0 189 7 189
0 190 3 191
0 192 7 192
0 197 7 197
0 199 0 206
0 207 7 207
0 208 0 215
0 216 3 217
0 218 7 218
0 219 1 222
0 223 3 224
0 227 3 228
0 229 0 236
0 237 3 238
0 239 1 242
0 243 7 243
0 244 7 244
0 245 3 246
0 247 7 247
1 33 2 36
1 42 4 43
1 64 8 64
1 74 8 74
1 76 8 76
1 82 8 82
1 84 4 85
1 86 4 87
1 98 8 98
1 100 8 100
1 101 8 101
1 102 4 103
1 120 8 120
1 133 8 133
1 134 4 135
1 144 2 147
1 148 8 148
1 151 4 152
1 187 8 187
1 199 8 199
1 202 8 202
1 205 8 205
1 208 8 208
1 209 4 210
1 211 2 214
1 225 8 225
1 229 8 229
1 230 4 231
1 232 8 232
1 235 4 236
1 248 4 249
2 1 5 2
2 4 5 5
2 6 9 6
2 9 3 12
2 13 9 13
2 14 9 14
2 21 9 21
2 22 5 23
2 37 5 38
2 39 9 39
2 48 9 48
2 53 9 53
2 55 5 56
2 58 9 58
2 61 9 61
2 63 9 63
2 71 9 71
2 73 9 73
2 89 9 89
2 105 3 108
2 136 9 136
2 138 5 139
2 155 3 158
2 160 9 160
2 173 9 173
2 174 5 175
2 179 5 180
2 181 9 181
2 198 9 198
2 201 9 201
2 203 5 204
2 219 3 222
2 234 9 234
2 240 9 240
3 7 10 7
3 8 10 8
3 15 10 15
3 32 6 33
3 75 10 75
3 78 4 81
3 88 10 88
3 126 10 126
3 144 10 144
3 146 10 146
3 150 10 150
3 176 10 176
3 193 10 193
3 194 10 194
3 195 10 195
3 196 10 196
3 213 10 213
3 214 10 214
3 215 10 215
4 9 7 10
4 11 11 11
4 24 11 24
4 27 11 27
4 28 11 28
4 34 11 34
4 40 11 40
4 49 11 49
4 65 7 66
4 68 7 69
4 72 11 72
4 90 5 93
4 95 7 96
4 115 11 115
4 118 7 119
4 128 11 128
4 156 5 159
4 164 11 164
4 165 11 165
4 168 7 169
4 171 11 171
4 172 11 172
4 190 11 190
4 200 11 200
4 219 11 219
4 221 7 222
4 228 11 228
4 241 7 242
4 245 11 245
4 246 11 246
5 3 12 3
5 16 12 16
5 19 12 19
5 42 12 42
5 45 12 45
5 81 12 81
5 83 12 83
5 84 8 85
5 104 12 104
5 105 12 105
5 107 12 107
5 116 12 116
5 121 12 121
5 151 8 152
5 155 12 155
5 163 12 163
5 186 12 186
5 209 8 210
5 212 12 212
5 220 12 220
5 224 12 224
5 231 12 231
5 237 12 237
5 239 12 239
6 1 9 2
6 4 9 5
6 17 9 18
6 35 13 35
6 46 13 46
6 50 13 50
6 51 13 51
6 54 9 55
6 79 9 80
6 125 13 125
6 134 13 134
6 138 13 138
6 149 13 149
6 156 7 159
6 175 13 175
6 203 13 203
6 204 13 204
6 217 13 217
6 226 9 227
6 236 13 236
7 32 14 32
7 33 14 33
7 36 10 37
7 43 14 43
7 56 14 56
7 86 14 86
7 112 14 112
7 135 14 135
7 162 14 162
8 20 15 20
8 22 15 22
8 25 11 26
8 44 15 44
8 59 15 59
8 62 15 62
8 65 11 66
8 67 9 70
8 90 9 93
8 94 11 95
8 109 11 110
8 114 15 114
8 117 11 118
8 122 15 122
8 123 11 124
8 127 15 127
8 129 11 130
8 132 15 132
8 139 15 139
8 141 15 141
8 143 15 143
8 156 11 157
8 161 15 161
8 168 11 169
8 180 15 180
8 182 11 183
8 188 11 189
8 192 15 192
8 206 11 207
8 218 15 218
8 233 15 233
8 244 15 244
8 248 15 248
8 249 15 249
9 12 16 12
9 29 16 29
9 30 16 30
9 31 16 31
9 52 16 52
9 60 16 60
9 64 16 64
9 77 12 78
9 101 12 102
9 106 16 106
9 111 16 111
9 131 16 131
9 137 16 137
9 147 12 148
9 153 16 153
9 166 12 167
9 174 16 174
9 199 16 199
9 208 10 211
9 232 16 232
9 235 16 235
9 241 12 242
9 247 16 247
10 2 17 2
10 10 17 10
10 39 17 39
10 47 17 47
10 53 17 53
10 58 17 58
10 61 17 61
10 67 13 68
10 69 17 69
10 73 17 73
10 74 17 74
10 76 17 76
10 85 17 85
10 89 11 92
10 96 11 99
10 142 17 142
10 145 17 145
10 184 13 185
10 198 17 198
11 0 18 0
11 1 18 1
11 4 12 7
11 8 14 9
11 48 18 48
11 54 18 54
11 55 18 55
11 80 18 80
11 87 18 87
11 126 18 126
11 136 18 136
11 146 18 146
11 151 14 152
11 170 18 170
11 176 14 177
11 195 18 195
11 201 14 202
11 209 18 209
11 210 18 210
11 214 18 214
11 221 18 221
11 229 18 229
11 243 18 243
12 14 15 15
12 17 19 17
12 24 19 24
12 25 13 28
12 34 19 34
12 57 19 57
12 70 19 70
12 88 19 88
12 89 19 89
12 90 19 90
12 91 19 91
12 92 13 95
12 97 19 97
12 99 19 99
12 119 19 119
12 130 19 130
12 154 19 154
12 157 19 157
12 158 19 158
12 160 19 160
12 164 15 165
12 172 19 172
12 187 13 190
12 230 19 230
12 238 19 238
12 245 19 245
13 6 16 7
13 11 20 11
13 38 20 38
13 41 16 42
13 66 20 66
13 71 16 72
13 101 20 101
13 102 20 102
13 104 20 104
13 105 20 105
13 115 16 116
13 117 16 118
13 123 20 123
13 124 20 124
13 128 16 129
13 148 20 148
13 166 14 169
13 191 20 191
13 197 20 197
13 205 16 206
13 215 16 216
13 219 20 219
13 223 20 223
13 224 16 225
13 239 16 240
14 3 17 4
14 23 21 23
14 25 17 26
14 27 21 27
14 36 21 36
14 50 17 51
14 81 21 81
14 93 21 93
14 94 17 95
14 100 21 100
14 110 21 110
14 113 21 113
14 120 17 121
14 125 21 125
14 133 17 134
14 138 21 138
14 140 21 140
14 149 21 149
14 171 21 171
14 179 21 179
14 181 21 181
14 182 14 189
14 190 21 190
14 193 21 193
14 207 17 208
14 211 17 212
14 227 17 228
15 9 22 9
15 19 22 19
15 32 22 32
15 35 22 35
15 43 22 43
15 46 22 46
15 92 22 92
15 107 22 107
15 108 18 109
15 112 22 112
15 135 22 135
15 151 22 151
15 155 18 156
15 162 18 163
15 169 22 169
15 173 22 173
15 182 22 182
15 184 22 184
15 185 18 186
15 187 22 187
15 188 22 188
15 194 22 194
15 203 22 203
15 204 22 204
15 213 22 213
15 217 22 217
15 222 22 222
15 246 22 246
16 40 23 40
16 62 23 62
16 63 23 63
16 65 23 65
16 84 23 84
16 144 23 144
16 150 23 150
16 164 23 164
16 175 17 178
16 180 23 180
16 189 23 189
16 192 23 192
16 236 19 237
16 248 23 248
16 249 23 249
17 8 24 8
17 18 24 18
17 20 24 20
17 28 18 31
17 37 24 37
17 41 24 41
17 56 24 56
17 60 24 60
17 67 24 67
17 77 24 77
17 79 24 79
17 82 24 82
17 127 24 127
17 141 24 141
17 143 24 143
17 159 24 159
17 166 24 166
17 200 24 200
17 216 24 216
17 225 20 226
17 232 18 235
17 239 24 239
17 240 24 240
18 2 25 2
18 3 25 3
18 4 25 4
18 5 25 5
18 12 21 13
18 25 25 25
18 39 25 39
18 42 25 42
18 49 21 50
18 51 25 51
18 52 21 53
18 58 25 58
18 61 25 61
18 74 25 74
18 94 25 94
18 98 25 98
18 106 25 106
18 114 21 115
18 131 25 131
18 133 25 133
18 175 19 178
18 183 25 183
18 196 25 196
18 199 25 199
18 201 25 201
18 206 25 206
18 207 21 208
18 218 25 218
18 227 21 228
18 241 25 241
19 6 26 6
19 10 26 10
19 21 22 22
19 26 26 26
19 28 20 31
19 48 26 48
19 54 26 54
19 71 22 72
19 75 22 76
19 78 26 78
19 85 26 85
19 86 26 86
19 95 26 95
19 96 26 96
19 121 22 122
19 132 26 132
19 145 22 146
19 153 26 153
19 155 26 155
19 161 26 161
19 163 26 163
19 202 26 202
19 210 22 211
19 234 26 234
20 0 23 1
20 14 21 17
20 33 27 33
20 34 27 34
20 44 23 45
20 87 23 88
20 89 27 89
20 90 23 91
20 99 27 99
20 108 27 108
20 109 27 109
20 129 23 130
20 136 23 137
20 147 27 147
20 156 23 157
20 162 27 162
20 168 27 168
20 172 27 172
20 175 27 175
20 185 27 185
20 205 27 205
20 214 23 215
20 221 27 221
20 229 23 230
20 245 27 245
21 31 28 31
21 59 28 59
21 73 28 73
21 103 24 104
21 105 28 105
21 111 28 111
21 123 28 123
21 148 28 148
21 158 28 158
21 167 28 167
21 178 28 178
21 191 28 191
21 212 28 212
21 220 28 220
21 223 24 224
21 225 28 225
21 235 28 235
21 237 24 238
22 11 29 11
22 13 29 13
22 14 25 15
22 17 29 17
22 23 29 23
22 36 29 36
22 52 29 52
22 53 29 53
22 64 29 64
22 80 25 81
22 97 29 97
22 100 29 100
22 101 29 101
22 110 29 110
22 113 23 116
22 119 29 119
22 128 29 128
22 138 25 139
22 142 29 142
22 149 29 149
22 171 29 171
22 193 29 193
22 207 25 208
22 231 25 232
22 244 29 244
23 7 30 7
23 16 30 16
23 27 30 27
23 32 30 32
23 66 30 66
23 68 24 71
23 76 30 76
23 102 30 102
23 112 30 112
23 118 30 118
23 120 30 120
23 122 30 122
23 125 26 126
23 165 30 165
23 169 26 170
23 176 30 176
23 177 30 177
23 181 26 182
23 186 26 187
23 188 30 188
23 194 26 195
23 209 30 209
23 210 30 210
23 213 30 213
23 242 26 243
24 30 31 30
24 43 27 44
24 46 31 46
24 49 27 50
24 62 31 62
24 87 31 87
24 88 31 88
24 90 25 93
24 114 31 114
24 117 31 117
24 129 27 130
24 135 27 136
24 137 31 137
24 151 27 152
24 156 31 156
24 157 31 157
24 173 27 174
24 189 31 189
24 197 31 197
24 214 27 215
24 226 25 229
24 233 31 233
24 246 27 247
25 12 32 12
25 18 32 18
25 20 28 21
25 41 32 41
25 56 28 57
25 69 26 72
25 82 28 83
25 104 32 104
25 140 28 141
25 145 28 146
25 154 32 154
25 216 28 217
25 219 32 219
25 230 32 230
25 248 32 248
26 0 33 0
26 4 29 5
26 37 33 37
26 45 33 45
26 47 33 47
26 58 33 58
26 84 33 84
26 91 33 91
26 92 33 92
26 93 29 94
26 106 29 107
26 127 33 127
26 138 33 138
26 180 33 180
26 183 33 183
26 184 33 184
26 203 33 203
26 211 33 211
26 218 33 218
26 224 33 224
26 226 33 226
26 229 33 229
26 237 33 237
27 6 34 6
27 8 30 9
27 15 34 15
27 24 30 25
27 28 30 29
27 38 34 38
27 39 34 39
27 40 34 40
27 48 34 48
27 61 34 61
27 68 34 68
27 69 34 69
27 70 34 70
27 71 34 71
27 72 34 72
27 77 28 80
27 95 34 95
27 96 34 96
27 103 34 103
27 121 34 121
27 125 34 125
27 143 30 144
27 150 34 150
27 163 34 163
27 170 34 170
27 179 34 179
27 181 34 181
27 186 34 186
27 194 30 195
27 206 30 207
27 228 34 228
27 231 30 232
27 239 28 242
27 243 34 243
28 26 35 26
28 33 35 33
28 43 35 43
28 44 35 44
28 49 31 50
28 74 31 75
28 85 35 85
28 109 35 109
28 116 35 116
28 132 31 133
28 135 35 135
28 151 31 152
28 161 31 162
28 173 31 174
28 221 35 221
28 234 35 234
28 245 35 245
28 246 35 246
29 1 32 2
29 10 36 10
29 31 36 31
29 34 36 34
29 42 36 42
29 54 32 55
29 56 36 56
29 63 36 63
29 78 36 78
29 89 36 89
29 98 36 98
29 134 36 134
29 139 32 140
29 141 36 141
29 145 32 146
29 148 36 148
29 159 36 159
29 168 36 168
29 178 36 178
29 190 36 190
29 198 30 201
29 214 32 215
29 220 36 220
29 238 30 241
30 5 37 5
30 11 37 11
30 19 37 19
30 20 37 20
30 22 33 23
30 35 33 36
30 59 37 59
30 60 37 60
30 79 31 82
30 93 37 93
30 94 37 94
30 97 37 97
30 101 37 101
30 105 31 108
30 111 37 111
30 128 37 128
30 136 37 136
30 142 37 142
30 187 37 187
30 204 33 205
30 216 37 216
30 244 37 244
30 249 37 249
31 24 34 25
31 28 38 28
31 32 38 32
31 64 38 64
31 65 38 65
31 67 38 67
31 76 38 76
31 100 38 100
31 102 38 102
31 118 38 118
31 119 34 120
31 122 34 123
31 124 38 124
31 129 34 130
31 131 38 131
31 165 34 166
31 191 38 191
31 194 38 194
31 200 34 201
31 207 38 207
31 231 34 232
31 239 38 239
31 240 38 240
31 242 38 242
32 7 39 7
32 14 39 14
32 30 39 30
32 49 39 49
32 50 35 51
32 57 39 57
32 77 39 77
32 79 39 79
32 80 39 80
32 81 35 82
32 83 39 83
32 87 35 88
32 106 39 106
32 107 39 107
32 117 39 117
32 143 39 143
32 157 35 158
32 160 39 160
32 171 33 174
32 193 39 193
32 197 39 197
32 198 39 198
32 212 35 213
32 222 39 222
32 247 39 247
33 1 40 1
33 2 40 2
33 8 40 8
33 12 40 12
33 27 40 27
33 54 40 54
33 66 40 66
33 112 40 112
33 114 40 114
33 140 40 140
33 144 36 145
33 146 40 146
33 151 40 151
33 152 40 152
33 154 40 154
33 196 40 196
33 209 40 209
33 214 40 214
33 215 40 215
33 230 40 230
34 9 41 9
34 22 41 22
34 36 37 37
34 41 41 41
34 47 41 47
34 52 41 52
34 126 41 126
34 138 37 139
34 149 41 149
34 155 37 156
34 171 35 174
34 182 41 182
34 202 37 203
34 204 37 205
34 206 41 206
34 208 41 208
34 210 37 211
34 224 35 227
34 235 35 238
35 6 42 6
35 13 42 13
35 17 42 17
35 18 42 18
35 24 42 24
35 35 42 35
35 38 42 38
35 55 42 55
35 58 42 58
35 68 42 68
35 71 38 72
35 73 38 74
35 90 38 91
35 119 38 120
35 121 38 122
35 133 42 133
35 161 36 164
35 165 42 165
35 169 42 169
35 175 38 176
35 179 42 179
35 180 38 181
35 188 38 189
35 200 42 200
35 219 42 219
35 223 42 223
35 228 42 228
35 232 38 233
35 241 42 241
35 248 42 248
36 25 39 26
36 50 39 51
36 69 39 70
36 75 43 75
36 81 39 82
36 85 43 85
36 87 39 88
36 103 39 104
36 110 43 110
36 123 43 123
36 125 43 125
36 130 43 130
36 157 39 158
36 166 43 166
36 170 39 171
36 173 43 173
36 183 39 184
36 217 43 217
36 226 43 226
36 231 43 231
36 234 43 234
36 235 43 235
36 236 43 236
36 246 43 246
37 3 44 3
37 15 44 15
37 29 44 29
37 33 44 33
37 34 44 34
37 43 44 43
37 63 44 63
37 89 44 89
37 108 44 108
37 134 40 135
37 145 44 145
37 147 44 147
37 148 44 148
37 161 44 161
37 163 44 163
37 172 44 172
37 177 40 178
37 185 40 186
37 220 44 220
37 221 44 221
37 237 44 237
37 243 44 243
38 4 41 5
38 10 41 11
38 19 41 20
38 42 45 42
38 44 41 45
38 53 45 53
38 59 45 59
38 60 45 60
38 78 45 78
38 94 45 94
38 101 45 101
38 105 45 105
38 116 45 116
38 127 41 128
38 136 39 139
38 168 45 168
38 202 41 203
38 204 41 205
38 210 45 210
38 213 45 213
38 224 45 224
38 238 45 238
38 249 45 249
39 16 46 16
39 31 46 31
39 32 46 32
39 62 46 62
39 67 46 67
39 92 46 92
39 96 40 99
39 109 46 109
39 111 46 111
39 115 46 115
39 118 40 121
39 124 46 124
39 155 46 155
39 164 46 164
39 176 46 176
39 187 42 188
39 189 42 190
39 191 46 191
39 194 46 194
39 207 46 207
39 211 46 211
39 227 46 227
39 242 46 242
40 25 47 25
40 28 47 28
40 39 47 39
40 46 47 46
40 64 47 64
40 69 47 69
40 70 47 70
40 71 43 72
40 77 47 77
40 80 47 80
40 81 47 81
40 86 47 86
40 87 47 87
40 88 47 88
40 102 47 102
40 103 47 103
40 106 47 106
40 107 47 107
40 131 47 131
40 139 47 139
40 156 47 156
40 157 47 157
40 160 47 160
40 167 47 167
40 171 47 171
40 184 47 184
40 192 47 192
40 198 47 198
40 201 47 201
40 222 47 222
41 1 48 1
41 2 48 2
41 7 44 8
41 12 48 12
41 27 48 27
41 36 48 36
41 37 48 37
41 50 44 51
41 54 48 54
41 57 48 57
41 74 48 74
41 79 48 79
41 90 48 90
41 91 48 91
41 95 44 96
41 97 42 100
41 112 44 113
41 114 48 114
41 117 48 117
41 119 42 122
41 138 48 138
41 141 48 141
41 142 44 143
41 150 44 151
41 180 48 180
41 186 48 186
41 193 48 193
41 195 44 196
41 199 48 199
41 214 44 215
41 232 48 232
41 240 48 240
41 245 48 245
42 9 45 10
42 11 49 11
42 14 49 14
42 20 49 20
42 21 45 22
42 40 49 40
42 41 49 41
42 47 49 47
42 49 49 49
42 52 49 52
42 61 49 61
42 65 49 65
42 82 49 82
42 128 49 128
42 129 49 129
42 134 43 137
42 144 49 144
42 162 49 162
42 181 49 181
42 202 45 203
42 205 49 205
42 206 49 206
42 208 45 209
42 218 49 218
42 233 49 233
43 17 46 18
43 24 50 24
43 38 50 38
43 44 50 44
43 45 50 45
43 58 50 58
43 68 50 68
43 73 50 73
43 84 50 84
43 97 44 100
43 119 50 119
43 120 50 120
43 121 46 122
43 152 50 152
43 165 50 165
43 169 50 169
43 174 46 175
43 188 50 188
43 189 50 189
43 190 50 190
43 197 50 197
43 225 50 225
43 229 46 230
43 247 46 248
44 4 47 5
44 71 51 71
44 72 51 72
44 75 51 75
44 126 47 127
44 133 51 133
44 146 51 146
44 158 51 158
44 177 51 177
44 178 51 178
44 204 51 204
44 212 51 212
44 226 51 226
45 3 52 3
45 6 52 6
45 26 52 26
45 29 48 30
45 33 48 34
45 51 52 51
45 95 52 95
45 96 46 99
45 108 52 108
45 110 52 110
45 112 52 112
45 113 52 113
45 125 52 125
45 137 52 137
45 140 52 140
45 147 48 148
45 150 52 150
45 151 52 151
45 159 52 159
45 163 52 163
45 182 52 182
45 195 48 196
45 215 52 215
45 220 48 221
45 223 52 223
45 239 52 239
45 241 52 241
46 0 53 0
46 7 53 7
46 9 49 10
46 21 49 22
46 35 53 35
46 42 53 42
46 48 53 48
46 50 53 50
46 59 53 59
46 60 53 60
46 63 53 63
46 66 53 66
46 100 49 101
46 104 53 104
46 116 53 116
46 134 53 134
46 142 53 142
46 149 53 149
46 166 53 166
46 179 53 179
46 187 53 187
46 200 53 200
46 213 53 213
46 216 53 216
47 13 54 13
47 15 54 15
47 16 50 17
47 43 54 43
47 76 54 76
47 85 54 85
47 89 54 89
47 96 50 97
47 98 54 98
47 99 54 99
47 115 54 115
47 118 54 118
47 121 48 124
47 145 54 145
47 161 54 161
47 170 54 170
47 172 54 172
47 191 54 191
47 207 48 210
47 227 48 230
47 235 54 235
47 246 50 247
48 4 55 4
48 39 55 39
48 62 55 62
48 69 55 69
48 70 55 70
48 78 55 78
48 80 51 81
48 87 51 88
48 106 55 106
48 109 55 109
48 126 51 127
48 135 51 136
48 139 55 139
48 156 51 157
48 167 55 167
48 171 55 171
48 174 51 175
48 183 55 183
48 184 55 184
48 201 51 202
48 203 55 203
48 211 55 211
48 214 55 214
48 224 55 224
48 236 55 236
48 242 55 242
48 248 55 248
49 1 56 1
49 5 56 5
49 28 56 28
49 30 50 33
49 36 56 36
49 56 52 57
49 67 56 67
49 86 56 86
49 90 52 91
49 93 56 93
49 94 56 94
49 121 52 122
49 124 56 124
49 138 56 138
49 154 56 154
49 168 56 168
49 185 56 185
49 192 50 195
49 198 56 198
49 220 56 220
49 221 56 221
49 230 56 230
49 231 56 231
50 8 51 11
50 12 57 12
50 19 57 19
50 21 57 21
50 27 57 27
50 29 57 29
50 46 53 47
50 54 53 55
50 64 53 65
50 79 57 79
50 82 53 83
50 100 57 100
50 107 57 107
50 111 57 111
50 117 57 117
50 128 53 129
50 131 57 131
50 143 53 144
50 153 57 153
50 155 57 155
50 162 57 162
50 176 57 176
50 180 53 181
50 186 57 186
50 207 53 208
50 217 57 217
50 232 53 233
51 14 58 14
51 24 54 25
51 33 58 33
51 37 54 38
51 44 54 45
51 53 58 53
51 73 54 74
51 97 58 97
51 119 54 120
51 147 54 148
51 160 58 160
51 165 58 165
51 193 58 193
51 205 54 206
51 222 58 222
51 225 58 225
51 228 54 229
51 243 52 246
52 8 59 8
52 9 59 9
52 17 55 18
52 20 59 20
52 30 59 30
52 40 59 40
52 41 59 41
52 75 59 75
52 80 59 80
52 87 59 87
52 102 55 103
52 105 59 105
52 157 59 157
52 158 59 158
52 174 59 174
52 192 59 192
52 194 55 195
52 201 59 201
52 202 59 202
52 204 59 204
52 226 55 227
52 249 59 249
53 2 56 3
53 11 60 11
53 31 56 32
53 56 60 56
53 68 60 68
53 71 56 72
53 84 60 84
53 91 60 91
53 95 60 95
53 112 56 113
53 122 60 122
53 125 60 125
53 130 60 130
53 133 60 133
53 136 60 136
53 137 60 137
53 140 60 140
53 151 60 151
53 163 60 163
53 164 60 164
53 178 60 178
53 215 60 215
53 223 60 223
53 240 56 241
53 247 60 247
54 34 61 34
54 46 57 47
54 48 55 51
54 58 57 59
54 60 61 60
54 64 61 64
54 81 57 82
54 88 61 88
54 104 61 104
54 135 61 135
54 141 57 142
54 149 61 149
54 150 61 150
54 199 57 200
54 207 55 210
54 212 61 212
54 213 61 213
54 219 61 219
54 234 61 234
54 244 61 244
55 7 62 7
55 10 62 10
55 16 62 16
55 23 62 23
55 25 58 26
55 37 62 37
55 42 58 43
55 44 58 45
55 63 62 63
55 65 62 65
55 73 62 73
55 85 62 85
55 89 58 90
55 99 62 99
55 101 62 101
55 114 62 114
55 115 58 116
55 120 58 121
55 127 62 127
55 134 62 134
55 143 56 146
55 169 58 170
55 172 62 172
55 179 56 182
55 187 58 188
55 189 62 189
55 196 58 197
55 205 62 205
55 232 58 233
55 235 62 235
55 237 62 237
56 17 59 18
56 22 63 22
56 24 63 24
56 38 59 39
56 54 63 54
56 74 63 74
56 119 63 119
56 128 59 129
56 161 63 161
56 177 63 177
56 194 59 195
56 203 63 203
56 206 63 206
56 207 59 208
56 210 63 210
56 211 63 211
56 227 63 227
56 229 63 229
56 238 63 238
56 239 63 239
57 0 58 3
57 5 64 5
57 31 64 31
57 32 64 32
57 35 60 36
57 48 64 48
57 52 64 52
57 71 64 71
57 72 64 72
57 76 60 77
57 86 64 86
57 93 64 93
57 108 60 109
57 112 64 112
57 113 64 113
57 126 64 126
57 145 60 146
57 173 64 173
57 179 60 180
57 181 64 181
57 182 64 182
57 183 60 184
57 185 64 185
57 209 64 209
57 220 60 221
57 242 64 242
57 248 64 248
58 12 61 13
58 28 65 28
58 47 65 47
58 50 61 51
58 55 65 55
58 57 61 58
58 61 65 61
58 66 65 66
58 67 65 67
58 69 61 70
58 78 65 78
58 96 65 96
58 111 65 111
58 118 65 118
58 131 61 132
58 142 61 143
58 147 65 147
58 152 59 155
58 175 65 175
58 186 65 186
58 216 61 217
58 224 65 224
58 241 65 241
59 0 66 0
59 1 60 4
59 19 66 19
59 26 62 27
59 29 66 29
59 44 66 44
59 46 66 46
59 49 66 49
59 81 66 81
59 89 62 90
59 98 66 98
59 102 66 102
59 159 66 159
59 165 66 165
59 168 60 171
59 188 66 188
59 191 66 191
59 196 62 197
59 230 62 231
59 246 66 246
60 14 67 14
60 15 67 15
60 17 63 18
60 20 67 20
60 39 63 40
60 75 67 75
60 79 63 80
60 87 67 87
60 105 63 106
60 107 67 107
60 110 67 110
60 129 67 129
60 154 61 157
60 192 61 195
60 202 67 202
60 225 67 225
60 226 67 226
60 232 67 232
60 243 67 243
61 1 62 4
61 36 68 36
61 41 64 42
61 56 68 56
61 76 68 76
61 82 68 82
61 94 68 94
61 95 68 95
61 108 68 108
61 120 68 120
61 122 62 125
61 136 68 136
61 137 62 140
61 144 68 144
61 145 68 145
61 152 68 152
61 160 68 160
61 168 64 169
61 180 68 180
61 183 68 183
61 184 68 184
61 190 68 190
61 198 64 199
61 204 68 204
61 214 68 214
61 220 62 223
61 247 68 247
62 12 69 12
62 34 65 35
62 45 69 45
62 57 69 57
62 62 69 62
62 68 65 69
62 91 69 91
62 104 69 104
62 116 65 117
62 149 69 149
62 153 63 156
62 163 69 163
62 167 69 167
62 174 69 174
62 176 69 176
62 179 69 179
62 193 69 193
62 212 65 213
62 217 69 217
62 233 69 233
62 240 69 240
62 244 69 244
62 249 69 249
63 1 66 2
63 3 70 3
63 6 64 9
63 13 70 13
63 26 66 27
63 30 70 30
63 59 66 60
63 83 70 83
63 84 66 85
63 88 66 89
63 97 70 97
63 99 70 99
63 101 70 101
63 121 70 121
63 127 70 127
63 130 66 131
63 133 70 133
63 137 70 137
63 138 64 141
63 142 70 142
63 146 70 146
63 150 66 151
63 157 70 157
63 158 70 158
63 164 70 164
63 171 70 171
63 178 70 178
63 194 64 197
63 201 70 201
63 207 70 207
63 208 70 208
63 220 64 223
63 234 70 234
63 245 70 245
64 4 71 4
64 10 67 11
64 22 67 23
64 38 67 39
64 50 67 51
64 63 71 63
64 70 71 70
64 79 71 79
64 80 71 80
64 123 71 123
64 124 67 125
64 161 71 161
64 203 71 203
64 205 71 205
64 210 71 210
64 218 71 218
64 219 71 219
64 228 65 231
65 8 72 8
65 9 72 9
65 17 68 18
65 24 72 24
65 31 72 31
65 32 68 33
65 42 72 42
65 64 72 64
65 71 72 71
65 72 72 72
65 73 72 73
65 74 72 74
65 86 72 86
65 93 72 93
65 103 72 103
65 109 72 109
65 113 68 114
65 126 72 126
65 134 68 135
65 138 68 139
65 140 68 141
65 143 72 143
65 153 72 153
65 162 72 162
65 168 68 169
65 177 72 177
65 181 72 181
65 194 72 194
65 195 68 196
65 199 72 199
65 220 72 220
65 221 72 221
65 237 68 238
65 242 72 242
65 248 72 248
66 34 69 35
66 54 73 54
66 66 69 67
66 68 73 68
66 69 73 69
66 77 69 78
66 92 73 92
66 105 69 106
66 112 73 112
66 117 69 118
66 132 73 132
66 147 73 147
66 148 73 148
66 197 73 197
66 215 73 215
66 227 73 227
66 229 73 229
66 230 69 231
67 0 74 0
67 1 70 2
67 7 74 7
67 16 74 16
67 25 74 25
67 26 70 27
67 28 74 28
67 46 70 47
67 52 70 53
67 60 70 61
67 84 74 84
67 89 74 89
67 102 74 102
67 128 74 128
67 151 74 151
67 172 74 172
67 187 74 187
67 212 70 213
67 241 74 241
68 11 75 11
68 19 75 19
68 20 75 20
68 39 75 39
68 41 75 41
68 48 71 49
68 50 75 50
68 55 75 55
68 58 71 59
68 90 75 90
68 107 75 107
68 110 75 110
68 122 75 122
68 186 75 186
68 188 71 189
68 192 75 192
68 224 71 225
68 228 75 228
68 235 75 235
69 5 76 5
69 14 72 15
69 18 76 18
69 37 76 37
69 85 76 85
69 87 76 87
69 94 72 95
69 119 72 120
69 130 72 131
69 134 72 135
69 138 76 138
69 139 76 139
69 144 72 145
69 166 76 166
69 168 76 168
69 184 76 184
69 204 76 204
69 206 76 206
69 243 76 243
70 12 77 12
70 22 73 23
70 33 71 36
70 40 77 40
70 62 77 62
70 66 77 66
70 96 77 96
70 100 77 100
70 106 77 106
70 113 73 114
70 115 77 115
70 117 73 118
70 124 73 125
70 140 73 141
70 149 77 149
70 169 77 169
70 176 77 176
70 180 77 180
70 183 77 183
70 190 77 190
70 191 77 191
70 193 77 193
70 195 73 196
70 230 77 230
70 238 77 238
70 246 73 247
71 1 74 2
71 6 78 6
71 10 78 10
71 53 78 53
71 56 78 56
71 57 78 57
71 60 74 61
71 67 78 67
71 76 74 77
71 82 74 83
71 91 78 91
71 98 78 98
71 101 78 101
71 116 78 116
71 152 78 152
71 163 78 163
71 165 78 165
71 179 78 179
71 202 78 202
71 209 78 209
71 213 74 214
71 231 78 231
71 232 78 232
71 234 78 234
71 236 78 236
71 245 78 245
72 32 73 35
72 44 75 45
72 48 75 49
72 58 79 58
72 78 79 78
72 80 75 81
72 105 79 105
72 123 79 123
72 136 79 136
72 142 79 142
72 161 79 161
72 175 79 175
72 203 79 203
72 207 75 208
72 211 75 212
72 216 79 216
72 217 75 218
72 224 75 225
72 237 79 237
73 3 80 3
73 8 76 9
73 15 80 15
73 21 80 21
73 31 80 31
73 42 80 42
73 51 80 51
73 52 80 52
73 59 80 59
73 64 80 64
73 71 76 72
73 79 80 79
73 86 80 86
73 93 80 93
73 95 80 95
73 127 80 127
73 130 80 130
73 131 80 131
73 156 80 156
73 158 80 158
73 170 80 170
73 173 80 173
73 205 80 205
73 219 76 220
73 223 80 223
73 248 76 249
74 24 81 24
74 32 77 33
74 34 81 34
74 35 81 35
74 36 81 36
74 46 77 47
74 54 81 54
74 69 81 69
74 73 77 74
74 97 81 97
74 104 81 104
74 112 81 112
74 114 81 114
74 124 81 124
74 125 81 125
74 140 77 141
74 144 75 147
74 153 81 153
74 157 81 157
74 159 81 159
74 164 81 164
74 178 81 178
74 188 81 188
74 194 77 195
74 222 81 222
74 227 81 227
74 233 81 233
74 247 81 247
75 0 78 1
75 4 82 4
75 14 82 14
75 16 82 16
75 22 78 23
75 30 82 30
75 43 82 43
75 68 82 68
75 89 82 89
75 102 82 102
75 108 78 109
75 132 78 133
75 134 82 134
75 151 82 151
75 167 82 167
75 171 82 171
75 181 78 182
75 187 82 187
75 196 76 199
75 200 82 200
75 213 78 214
75 229 82 229
75 246 82 246
76 44 79 45
76 49 83 49
76 65 83 65
76 75 83 75
76 80 83 80
76 94 83 94
76 99 83 99
76 118 83 118
76 144 79 145
76 147 83 147
76 148 83 148
76 150 83 150
76 162 83 162
76 185 83 185
76 207 83 207
76 212 83 212
76 217 79 218
76 228 83 228
76 235 83 235
76 244 83 244
77 5 84 5
77 7 84 7
77 11 84 11
77 17 84 17
77 18 84 18
77 25 84 25
77 27 80 28
77 29 84 29
77 37 80 38
77 60 80 61
77 63 84 63
77 71 84 71
77 81 80 82
77 83 80 84
77 88 84 88
77 103 84 103
77 135 84 135
77 137 84 137
77 143 84 143
77 154 84 154
77 168 84 168
77 177 84 177
77 198 84 198
77 204 84 204
77 210 84 210
77 219 84 219
77 220 80 221
77 224 80 225
77 240 78 243
77 249 84 249
78 40 81 41
78 46 81 47
78 66 85 66
78 73 81 74
78 92 85 92
78 96 85 96
78 106 85 106
78 138 85 138
78 139 81 140
78 166 85 166
78 176 85 176
78 189 78 196
78 201 85 201
78 206 85 206
79 0 86 0
79 1 82 2
79 6 86 6
79 8 82 9
79 22 82 23
79 26 86 26
79 33 86 33
79 48 86 48
79 53 86 53
79 55 82 56
79 90 86 90
79 108 86 108
79 109 82 110
79 115 86 115
79 116 86 116
79 126 86 126
79 128 86 128
79 132 86 132
79 179 86 179
79 183 86 183
79 189 86 189
79 190 86 190
79 193 82 194
79 215 86 215
79 226 86 226
79 231 86 231
79 234 86 234
79 236 86 236
79 238 86 238
79 241 82 242
80 58 87 58
80 91 87 91
80 101 87 101
80 107 87 107
80 122 83 123
80 133 87 133
80 136 87 136
80 145 83 146
80 174 83 175
80 180 87 180
80 197 87 197
80 202 83 203
80 209 87 209
80 213 83 214
80 232 87 232
80 239 87 239
81 13 88 13
81 19 88 19
81 21 88 21
81 28 88 28
81 31 88 31
81 37 84 38
81 50 84 51
81 59 88 59
81 78 84 79
81 81 88 81
81 82 84 83
81 84 88 84
81 86 84 87
81 121 88 121
81 129 84 130
81 144 88 144
81 152 88 152
81 155 84 156
81 158 88 158
81 165 88 165
81 172 88 172
81 181 88 181
81 184 88 184
81 191 84 192
81 217 84 218
81 220 88 220
81 237 88 237
81 248 88 248
82 24 89 24
82 34 85 35
82 46 85 47
82 57 89 57
82 64 89 64
82 104 89 104
82 113 85 114
82 124 85 125
82 140 89 140
82 149 89 149
82 170 89 170
82 199 89 199
82 208 89 208
82 216 89 216
82 221 85 222
82 224 89 224
82 227 89 227
82 230 89 230
82 245 89 245
82 247 89 247
83 3 86 4
83 8 90 8
83 9 90 9
83 15 86 16
83 20 90 20
83 22 90 22
83 40 86 41
83 42 90 42
83 44 90 44
83 55 86 56
83 60 90 60
83 68 86 69
83 73 86 74
83 89 90 89
83 93 90 93
83 98 90 98
83 109 90 109
83 110 90 110
83 111 90 111
83 117 90 117
83 119 90 119
83 131 90 131
83 141 90 141
83 171 90 171
83 186 90 186
83 229 90 229
83 240 84 243
84 52 91 52
84 54 91 54
84 62 91 62
84 72 91 72
84 118 91 118
84 123 91 123
84 145 91 145
84 169 91 169
84 173 87 174
84 187 91 187
84 193 87 194
84 211 87 212
84 213 91 213
84 225 91 225
84 228 91 228
84 244 91 244
85 1 92 1
85 5 92 5
85 10 88 11
85 36 92 36
85 49 88 50
85 51 92 51
85 65 92 65
85 67 92 67
85 70 92 70
85 75 92 75
85 77 88 78
85 79 92 79
85 82 92 82
85 87 88 88
85 94 92 94
85 95 92 95
85 105 92 105
85 122 92 122
85 129 92 129
85 130 92 130
85 137 92 137
85 142 92 142
85 147 88 148
85 154 92 154
85 155 92 155
85 160 86 163
85 182 92 182
85 202 88 203
85 204 88 205
85 214 92 214
85 217 88 218
85 219 92 219
85 240 92 240
85 241 88 242
86 27 93 27
86 30 93 30
86 34 93 34
86 35 93 35
86 46 89 47
86 83 93 83
86 86 93 86
86 92 93 92
86 102 89 103
86 112 89 113
86 134 93 134
86 138 89 139
86 157 93 157
86 159 93 159
86 166 93 166
86 176 93 176
86 177 93 177
86 200 93 200
86 206 93 206
86 223 93 223
87 0 94 0
87 3 90 4
87 26 94 26
87 29 94 29
87 37 90 38
87 40 94 40
87 56 94 56
87 66 94 66
87 71 94 71
87 73 94 73
87 76 94 76
87 80 94 80
87 96 94 96
87 115 94 115
87 116 94 116
87 132 94 132
87 143 94 143
87 162 94 162
87 164 94 164
87 167 90 168
87 233 94 233
88 7 95 7
88 14 91 15
88 45 95 45
88 97 95 97
88 106 91 107
88 124 89 127
88 128 95 128
88 135 91 136
88 150 91 151
88 161 95 161
88 173 95 173
88 174 95 174
88 178 95 178
88 179 91 180
88 185 95 185
88 189 95 189
88 190 89 193
88 195 95 195
88 197 95 197
88 209 89 212
88 221 95 221
88 226 95 226
88 231 91 232
88 236 95 236
88 238 91 239
89 10 96 10
89 18 96 18
89 28 96 28
89 32 92 33
89 53 96 53
89 59 96 59
89 61 96 61
89 63 96 63
89 77 96 77
89 84 92 85
89 87 92 88
89 90 92 91
89 99 92 100
89 156 96 156
89 163 96 163
89 172 96 172
89 205 96 205
89 234 96 234
89 241 92 242
89 248 92 249
90 2 97 2
90 24 93 25
90 46 97 46
90 55 97 55
90 57 93 58
90 78 97 78
90 101 91 104
90 112 97 112
90 113 93 114
90 120 93 121
90 124 97 124
90 126 93 127
90 138 93 139
90 153 97 153
90 158 97 158
90 170 97 170
90 188 97 188
90 201 97 201
90 202 97 202
90 208 97 208
90 210 97 210
90 212 97 212
90 222 97 222
90 230 97 230
90 237 97 237
90 245 97 245
91 4 98 4
91 8 98 8
91 16 98 16
91 22 94 23
91 37 94 38
91 49 98 49
91 68 94 69
91 89 98 89
91 93 98 93
91 109 98 109
91 140 94 141
91 148 98 148
91 181 98 181
91 186 98 186
91 190 98 190
91 193 98 193
91 194 98 194
91 229 98 229
92 12 99 12
92 13 99 13
92 14 99 14
92 17 99 17
92 31 99 31
92 41 99 41
92 47 99 47
92 54 99 54
92 102 99 102
92 107 99 107
92 131 99 131
92 145 99 145
92 146 95 147
92 149 95 150
92 152 99 152
92 168 99 168
92 180 99 180
92 191 95 192
92 211 99 211
92 217 99 217
92 218 99 218
92 225 99 225
92 228 99 228
92 235 99 235
92 243 95 244
93 1 100 1
93 11 100 11
93 19 96 20
93 32 100 32
93 36 100 36
93 42 100 42
93 48 100 48
93 50 96 51
93 60 100 60
93 64 96 65
93 72 100 72
93 74 100 74
93 75 100 75
93 82 100 82
93 84 100 84
93 87 96 88
93 95 100 95
93 98 96 99
93 103 100 103
93 105 100 105
93 118 100 118
93 122 100 122
93 135 100 135
93 182 96 183
93 198 100 198
93 203 96 204
93 216 100 216
93 227 100 227
93 238 100 238
93 242 100 242
93 246 96 247
93 248 96 249
94 3 101 3
94 33 101 33
94 39 101 39
94 43 97 44
94 52 101 52
94 62 101 62
94 91 101 91
94 113 97 114
94 117 101 117
94 120 97 121
94 127 101 127
94 129 97 130
94 137 101 137
94 138 101 138
94 139 101 139
94 159 101 159
94 167 101 167
94 169 101 169
94 175 97 176
94 206 101 206
94 207 101 207
94 214 97 215
94 231 97 232
95 9 102 9
95 23 102 23
95 24 96 27
95 35 102 35
95 37 102 37
95 56 98 57
95 76 102 76
95 80 98 81
95 90 102 90
95 104 102 104
95 125 102 125
95 140 102 140
95 141 96 144
95 164 102 164
95 171 102 171
95 177 102 177
95 187 102 187
95 196 102 196
95 219 102 219
95 239 98 240
96 45 103 45
96 66 99 67
96 79 103 79
96 100 103 100
96 101 103 101
96 106 103 106
96 111 103 111
96 123 103 123
96 147 103 147
96 149 99 150
96 151 103 151
96 154 103 154
96 174 103 174
96 179 103 179
96 189 103 189
96 191 103 191
96 192 103 192
96 197 103 197
96 209 103 209
96 220 99 221
96 241 103 241
96 243 99 244
97 18 100 19
97 25 98 28
97 53 104 53
97 58 100 59
97 65 104 65
97 68 100 69
97 77 104 77
97 85 104 85
97 87 100 88
97 92 104 92
97 108 104 108
97 115 104 115
97 141 98 144
97 161 104 161
97 165 104 165
97 166 104 166
97 178 104 178
97 182 98 185
97 199 104 199
97 204 100 205
97 233 100 234
97 236 104 236
98 5 105 5
98 6 101 7
98 15 105 15
98 50 105 50
98 63 101 64
98 96 101 97
98 112 101 113
98 120 101 121
98 126 105 126
98 132 101 133
98 146 105 146
98 155 101 156
98 160 105 160
98 162 105 162
98 170 105 170
98 195 105 195
98 202 105 202
98 208 105 208
98 212 105 212
98 214 101 215
98 230 105 230
98 231 105 231
98 245 101 246
99 4 106 4
99 22 106 22
99 25 102 26
99 29 106 29
99 43 106 43
99 49 106 49
99 80 102 81
99 94 106 94
99 110 106 110
99 128 102 129
99 130 106 130
99 136 106 136
99 141 106 141
99 182 100 185
99 190 106 190
99 193 106 193
99 203 106 203
100 2 107 2
100 12 107 12
100 13 103 14
100 20 103 21
100 27 107 27
100 30 107 30
100 31 107 31
100 34 107 34
100 41 107 41
100 46 107 46
100 55 103 56
100 66 107 66
100 73 107 73
100 93 107 93
100 98 103 99
100 107 107 107
100 119 107 119
100 134 107 134
100 142 103 143
100 144 107 144
100 158 107 158
100 168 107 168
100 180 103 181
100 201 107 201
100 211 107 211
100 224 107 224
100 228 107 228
100 235 107 235
100 239 103 240
100 243 107 243
100 247 107 247
100 248 103 249
101 8 108 8
101 36 108 36
101 38 108 38
101 44 108 44
101 47 104 48
101 51 108 51
101 57 102 60
101 71 108 71
101 72 108 72
101 78 108 78
101 82 108 82
101 86 102 89
101 102 108 102
101 105 108 105
101 116 108 116
101 122 108 122
101 135 108 135
101 148 104 149
101 150 108 150
101 157 108 157
101 175 108 175
101 185 108 185
101 194 108 194
101 205 108 205
101 216 104 217
101 220 108 220
101 225 108 225
101 227 108 227
101 232 104 233
101 234 108 234
102 1 109 1
102 6 109 6
102 7 109 7
102 39 109 39
102 52 109 52
102 54 109 54
102 61 103 64
102 69 109 69
102 95 105 96
102 97 109 97
102 103 109 103
102 109 109 109
102 113 105 114
102 120 109 120
102 124 109 124
102 132 109 132
102 172 109 172
102 182 109 182
102 188 109 188
102 200 109 200
102 207 109 207
102 215 109 215
102 222 105 223
102 226 109 226
102 245 105 246
103 9 110 9
103 16 110 16
103 24 110 24
103 25 110 25
103 32 110 32
103 40 110 40
103 59 106 60
103 83 110 83
103 84 110 84
103 86 110 86
103 87 110 87
103 88 110 88
103 125 110 125
103 127 110 127
103 137 106 138
103 145 110 145
103 155 106 156
103 163 110 163
103 176 110 176
103 186 110 186
103 196 110 196
103 204 110 204
104 13 111 13
104 18 107 19
104 28 111 28
104 37 111 37
104 55 107 56
104 57 107 58
104 63 107 64
104 68 111 68
104 79 111 79
104 89 111 89
104 90 107 91
104 98 105 101
104 111 111 111
104 131 111 131
104 142 107 143
104 151 107 152
104 173 111 173
104 177 111 177
104 179 107 180
104 184 111 184
104 189 111 189
104 191 111 191
104 192 111 192
104 209 111 209
104 213 107 214
104 237 107 238
104 239 107 240
104 241 111 241
104 242 111 242
104 244 111 244
104 248 111 248
105 0 112 0
105 3 112 3
105 14 112 14
105 17 112 17
105 21 112 21
105 26 112 26
105 33 112 33
105 35 112 35
105 53 112 53
105 74 112 74
105 80 112 80
105 115 112 115
105 117 112 117
105 121 112 121
105 128 112 128
105 154 112 154
105 161 112 161
105 164 106 167
105 171 112 171
105 197 112 197
105 236 112 236
106 47 109 48
106 50 113 50
106 77 113 77
106 100 109 101
106 113 113 113
106 114 113 114
106 139 109 140
106 146 113 146
106 147 113 147
106 174 113 174
106 217 113 217
106 218 113 218
106 221 109 222
106 223 113 223
106 229 113 229
106 230 107 233
106 245 113 245
107 22 114 22
107 23 114 23
107 59 108 62
107 92 114 92
107 130 114 130
107 133 114 133
107 141 114 141
107 153 114 153
107 156 114 156
107 162 114 162
107 166 114 166
107 167 114 167
107 169 110 170
107 183 114 183
107 193 114 193
107 202 114 202
108 5 115 5
108 19 115 19
108 31 115 31
108 34 115 34
108 41 111 42
108 43 115 43
108 45 115 45
108 57 111 58
108 63 115 63
108 64 115 64
108 65 115 65
108 73 115 73
108 75 115 75
108 81 115 81
108 93 109 96
108 112 115 112
108 119 115 119
108 123 115 123
108 143 111 144
108 151 111 152
108 164 111 165
108 179 111 180
108 181 115 181
108 195 115 195
108 211 115 211
108 212 115 212
108 230 109 233
108 237 115 237
108 243 115 243
108 246 111 247
109 2 116 2
109 46 116 46
109 66 112 67
109 71 116 71
109 72 116 72
109 91 116 91
109 98 116 98
109 102 116 102
109 108 116 108
109 122 116 122
109 134 112 135
109 137 116 137
109 157 112 158
109 168 116 168
109 185 116 185
109 203 116 203
109 208 116 208
109 220 116 220
109 228 116 228
109 234 112 235
110 1 117 1
110 6 113 7
110 18 117 18
110 38 113 39
110 44 117 44
110 56 117 56
110 59 117 59
110 60 113 61
110 69 117 69
110 82 117 82
110 93 111 96
110 99 113 100
110 104 117 104
110 110 117 110
110 129 117 129
110 139 117 139
110 142 117 142
110 149 117 149
110 187 113 188
110 198 113 199
110 200 117 200
110 205 117 205
110 206 117 206
110 213 111 216
110 221 117 221
110 224 111 227
110 231 117 231
110 239 113 240
111 4 118 4
111 9 114 10
111 24 114 25
111 27 118 27
111 30 118 30
111 32 118 32
111 47 114 48
111 54 114 55
111 83 118 83
111 84 118 84
111 85 114 86
111 105 118 105
111 107 118 107
111 118 118 118
111 124 112 127
111 132 118 132
111 169 118 169
111 172 118 172
111 176 118 176
111 178 118 178
111 186 118 186
111 201 118 201
111 210 118 210
111 230 118 230
111 233 118 233
112 15 119 15
112 36 115 37
112 41 115 42
112 51 115 52
112 78 115 79
112 87 119 87
112 94 119 94
112 96 119 96
112 101 119 101
112 111 119 111
112 136 119 136
112 140 119 140
112 144 115 145
112 159 119 159
112 160 119 160
112 165 119 165
112 170 119 170
112 179 115 180
112 184 119 184
112 189 115 190
112 191 119 191
112 207 119 207
112 209 119 209
112 213 119 213
112 222 119 222
112 224 113 227
112 242 119 242
112 246 119 246
112 247 115 248
112 249 119 249
113 0 120 0
113 3 120 3
113 8 120 8
113 20 120 20
113 26 120 26
113 28 116 29
113 33 120 33
113 35 120 35
113 66 120 66
113 76 120 76
113 115 120 115
113 120 116 121
113 124 120 124
113 127 120 127
113 131 120 131
113 143 120 143
113 152 120 152
113 154 120 154
113 157 116 158
113 161 120 161
113 171 120 171
113 197 120 197
113 219 120 219
113 235 116 236
113 238 120 238
114 11 121 11
114 13 121 13
114 38 121 38
114 40 121 40
114 49 121 49
114 50 121 50
114 57 121 57
114 60 117 61
114 67 117 68
114 106 121 106
114 128 121 128
114 134 117 135
114 173 117 174
114 175 121 175
114 187 117 188
114 192 121 192
114 215 115 218
114 223 121 223
114 226 121 226
114 232 121 232
114 244 121 244
115 9 122 9
115 10 122 10
115 21 118 22
115 47 118 48
115 77 122 77
115 85 118 86
115 93 122 93
115 100 122 100
115 117 122 117
115 138 122 138
115 147 122 147
115 150 118 151
115 155 118 156
115 162 122 162
115 164 122 164
115 166 122 166
115 183 122 183
115 196 122 196
115 198 118 199
115 224 122 224
115 229 122 229
116 19 123 19
116 24 119 25
116 34 123 34
116 41 119 42
116 52 119 53
116 62 123 62
116 64 119 65
116 80 119 81
116 88 123 88
116 89 119 90
116 95 123 95
116 114 123 114
116 125 123 125
116 144 119 145
116 163 123 163
116 189 123 189
116 193 123 193
116 194 123 194
116 211 123 211
116 212 123 212
116 214 123 214
116 218 123 218
116 239 119 240
116 245 123 245
116 247 119 248
117 2 124 2
117 6 120 7
117 36 120 37
117 39 124 39
117 45 124 45
117 58 124 58
117 71 118 74
117 78 120 79
117 92 124 92
117 98 124 98
117 102 120 103
117 109 124 109
117 119 118 122
117 123 124 123
117 137 124 137
117 148 124 148
117 180 124 180
117 181 120 182
117 185 124 185
117 190 124 190
117 203 120 204
117 217 124 217
117 234 118 237
117 241 124 241
117 243 124 243
118 16 121 17
118 18 125 18
118 43 125 43
118 44 125 44
118 46 125 46
118 54 121 55
118 69 121 70
118 99 125 99
118 104 125 104
118 108 125 108
118 112 125 112
118 113 125 113
118 126 125 126
118 135 125 135
118 141 125 141
118 153 125 153
118 173 121 174
118 179 125 179
118 205 121 206
118 208 125 208
118 216 125 216
118 220 121 221
118 227 125 227
119 5 126 5
119 29 126 29
119 30 122 31
119 47 126 47
119 48 126 48
119 56 126 56
119 59 122 60
119 67 126 67
119 68 126 68
119 71 120 74
119 82 122 83
119 85 126 85
119 97 126 97
119 110 126 110
119 118 126 118
119 119 126 119
119 120 126 120
119 121 122 122
119 129 126 129
119 132 122 133
119 134 126 134
119 146 126 146
119 155 126 155
119 158 126 158
119 167 126 167
119 176 126 176
119 186 122 187
119 198 126 198
119 199 122 200
119 201 126 201
119 210 126 210
119 234 122 235
120 52 123 53
120 75 127 75
120 80 127 80
120 84 127 84
120 87 127 87
120 90 123 91
120 94 127 94
120 96 127 96
120 101 127 101
120 136 127 136
120 140 127 140
120 144 127 144
120 145 127 145
120 149 127 149
120 150 127 150
120 156 123 157
120 159 123 160
120 177 127 177
120 188 127 188
120 225 127 225
120 228 127 228
120 230 127 230
120 231 127 231
120 239 127 239
120 242 127 242
120 246 121 249
121 0 128 0
121 3 128 3
121 6 124 7
121 14 128 14
121 15 128 15
121 35 128 35
121 36 124 37
121 51 128 51
121 65 128 65
121 73 124 74
121 102 124 103
121 124 128 124
121 139 128 139
121 142 124 143
121 169 124 170
121 171 128 171
121 191 128 191
121 195 128 195
121 202 124 203
122 11 129 11
122 12 125 13
122 20 129 20
122 21 122 28
122 41 129 41
122 49 129 49
122 50 129 50
122 55 129 55
122 71 125 72
122 76 129 76
122 79 129 79
122 81 129 81
122 89 129 89
122 107 129 107
122 131 129 131
122 161 129 161
122 168 129 168
122 204 129 204
122 205 125 206
122 207 129 207
122 209 129 209
122 213 129 213
122 215 129 215
122 221 129 221
122 223 129 223
122 237 129 237
123 4 130 4
123 8 126 9
123 28 130 28
123 30 130 30
123 40 130 40
123 57 130 57
123 59 130 59
123 60 130 60
123 61 130 61
123 100 130 100
123 105 126 106
123 130 130 130
123 152 130 152
123 162 130 162
123 165 126 166
123 175 130 175
123 181 130 181
123 182 126 183
123 187 130 187
123 220 130 220
123 224 130 224
123 226 130 226
123 234 126 235
123 238 130 238
124 16 131 16
124 52 131 52
124 53 127 54
124 62 127 63
124 66 131 66
124 69 131 69
124 82 131 82
124 86 131 86
124 91 131 91
124 114 131 114
124 115 131 115
124 116 131 116
124 122 131 122
124 160 131 160
124 163 127 164
124 172 127 173
124 178 131 178
124 186 131 186
124 189 131 189
124 192 127 193
124 199 131 199
124 211 131 211
124 214 131 214
124 218 127 219
124 233 131 233
125 1 132 1
125 2 132 2
125 23 128 24
125 26 132 26
125 31 128 32
125 73 128 74
125 92 132 92
125 95 132 95
125 98 132 98
125 102 128 103
125 111 132 111
125 127 132 127
125 137 132 137
125 138 132 138
125 148 132 148
125 159 132 159
125 184 128 185
125 196 128 197
125 217 132 217
125 232 132 232
125 243 128 244
125 248 128 249
126 7 133 7
126 12 129 13
126 18 129 19
126 42 133 42
126 43 127 46
126 70 133 70
126 83 133 83
126 93 133 93
126 108 133 108
126 117 133 117
126 126 133 126
126 132 133 132
126 133 133 133
126 147 133 147
126 156 133 156
126 157 133 157
126 170 133 170
126 179 133 179
126 200 133 200
126 216 133 216
126 240 133 240
126 241 133 241
127 5 134 5
127 9 134 9
127 10 134 10
127 21 134 21
127 48 134 48
127 56 134 56
127 67 134 67
127 71 134 71
127 90 134 90
127 97 134 97
127 106 134 106
127 112 130 113
127 118 130 119
127 129 134 129
127 134 134 134
127 141 134 141
127 151 134 151
127 153 130 154
127 166 130 167
127 180 134 180
127 183 134 183
127 201 130 202
127 203 134 203
127 210 134 210
127 234 134 234
128 25 135 25
128 29 135 29
128 37 135 37
128 38 135 38
128 53 135 53
128 72 135 72
128 75 135 75
128 80 135 80
128 84 135 84
128 85 135 85
128 96 135 96
128 104 135 104
128 109 131 110
128 140 135 140
128 143 131 144
128 145 135 145
128 164 131 165
128 173 135 173
128 176 131 177
128 182 135 182
128 193 135 193
128 205 135 205
128 225 135 225
128 239 135 239
128 246 131 247
129 3 136 3
129 14 136 14
129 22 136 22
129 31 136 31
129 33 130 36
129 45 132 46
129 47 136 47
129 51 136 51
129 54 136 54
129 62 130 65
129 78 136 78
129 102 136 102
129 103 136 103
129 120 132 121
129 128 136 128
129 135 136 135
129 136 136 136
129 139 136 139
129 142 136 142
129 150 136 150
129 191 132 192
129 196 136 196
129 219 136 219
129 227 132 228
129 235 136 235
129 236 136 236
129 242 132 243
130 11 137 11
130 13 137 13
130 19 137 19
130 23 137 23
130 43 133 44
130 76 133 77
130 88 137 88
130 146 137 146
130 149 137 149
130 155 137 155
130 158 137 158
130 161 137 161
130 169 137 169
130 171 137 171
130 172 137 172
130 184 133 185
130 190 137 190
130 195 137 195
130 206 133 207
130 208 137 208
130 212 137 212
130 213 137 213
130 218 137 218
130 248 133 249
131 0 138 0
131 4 138 4
131 17 134 18
131 27 138 27
131 32 134 33
131 34 134 35
131 39 134 40
131 49 138 49
131 58 132 61
131 63 138 63
131 65 138 65
131 74 138 74
131 101 138 101
131 105 138 105
131 112 134 113
131 119 138 119
131 162 134 163
131 167 138 167
131 168 138 168
131 174 134 175
131 188 138 188
131 202 138 202
131 220 138 220
131 221 132 224
131 229 138 229
131 230 138 230
131 238 138 238
131 244 134 245
132 8 139 8
132 15 139 15
132 16 139 16
132 28 139 28
132 41 139 41
132 64 139 64
132 69 139 69
132 91 139 91
132 99 135 100
132 116 139 116
132 122 139 122
132 123 135 124
132 125 139 125
132 130 135 131
132 164 135 165
132 177 135 178
132 186 139 186
132 187 139 187
132 189 139 189
132 209 139 209
132 211 139 211
132 214 135 215
132 226 139 226
132 246 139 246
132 247 139 247
133 20 140 20
133 45 140 45
133 46 140 46
133 57 140 57
133 58 136 59
133 60 140 60
133 61 140 61
133 89 140 89
133 92 140 92
133 94 140 94
133 118 140 118
133 121 140 121
133 137 140 137
133 148 140 148
133 160 140 160
133 181 140 181
133 197 140 197
133 223 136 224
133 227 140 227
133 228 140 228
134 2 141 2
134 7 141 7
134 44 141 44
134 95 141 95
134 107 135 110
134 114 141 114
134 133 141 133
134 153 137 154
134 176 141 176
134 184 141 184
134 191 141 191
134 200 141 200
134 216 141 216
134 240 141 240
135 5 142 5
135 9 142 9
135 10 142 10
135 34 142 34
135 35 142 35
135 39 142 39
135 48 142 48
135 56 142 56
135 66 142 66
135 71 142 71
135 112 142 112
135 117 142 117
135 132 142 132
135 138 142 138
135 147 142 147
135 157 142 157
135 166 142 166
135 180 142 180
135 183 142 183
135 194 142 194
135 198 142 198
135 199 142 199
135 201 142 201
135 206 138 207
135 231 142 231
135 232 138 233
135 241 138 242
135 249 142 249
136 6 143 6
136 25 139 26
136 29 139 30
136 40 143 40
136 42 143 42
136 55 143 55
136 70 143 70
136 73 143 73
136 75 143 75
136 79 137 82
136 84 137 87
136 96 137 99
136 106 143 106
136 107 139 108
136 126 143 126
136 129 139 130
136 131 143 131
136 140 143 140
136 141 143 141
136 143 139 144
136 163 143 163
136 164 139 165
136 173 139 174
136 175 143 175
136 177 139 178
136 203 143 203
136 204 143 204
136 221 139 222
137 17 144 17
137 18 144 18
137 31 144 31
137 36 140 37
137 50 144 50
137 54 144 54
137 68 144 68
137 102 144 102
137 103 144 103
137 135 144 135
137 151 144 151
137 152 144 152
137 170 144 170
137 179 144 179
137 182 144 182
137 192 144 192
137 210 144 210
137 214 140 215
137 219 144 219
137 223 140 224
137 239 144 239
137 244 144 244
138 21 139 24
138 51 145 51
138 58 145 58
138 59 145 59
138 67 145 67
138 72 145 72
138 77 139 80
138 82 139 85
138 86 145 86
138 87 141 88
138 90 145 90
138 93 145 93
138 98 145 98
138 110 141 111
138 123 145 123
138 145 141 146
138 159 145 159
138 171 141 172
138 212 141 213
138 234 145 234
139 0 142 1
139 3 142 4
139 11 146 11
139 13 142 14
139 19 146 19
139 62 146 62
139 63 146 63
139 65 146 65
139 99 142 100
139 113 146 113
139 119 142 120
139 127 146 127
139 128 146 128
139 153 146 153
139 161 146 161
139 167 146 167
139 195 142 196
139 202 146 202
139 207 142 208
139 225 146 225
139 241 142 242
139 248 146 248
140 15 147 15
140 16 147 16
140 22 140 29
140 38 147 38
140 41 147 41
140 49 147 49
140 52 147 52
140 64 147 64
140 84 143 85
140 96 143 97
140 104 143 105
140 107 147 107
140 109 147 109
140 115 143 116
140 122 147 122
140 129 147 129
140 149 143 150
140 154 143 155
140 165 147 165
140 173 147 173
140 188 147 188
140 190 147 190
140 205 147 205
140 206 147 206
140 218 147 218
140 220 147 220
140 232 147 232
140 233 147 233
140 246 147 246
140 247 147 247
141 20 144 21
141 22 148 22
141 23 141 30
141 36 148 36
141 37 148 37
141 46 144 47
141 57 148 57
141 76 142 79
141 80 144 81
141 83 148 83
141 101 148 101
141 134 148 134
141 136 148 136
141 137 148 137
141 185 144 186
141 214 144 215
141 222 148 222
141 229 144 230
141 235 144 236
142 26 149 26
142 29 145 30
142 45 149 45
142 82 149 82
142 87 145 88
142 89 149 89
142 94 149 94
142 114 149 114
142 121 149 121
142 133 149 133
142 143 145 144
142 160 149 160
142 168 149 168
142 171 149 171
142 176 149 176
142 184 149 184
142 193 149 193
142 213 149 213
142 216 145 217
142 221 149 221
142 224 149 224
142 227 149 227
142 228 149 228
142 237 149 237
143 0 144 3
143 4 150 4
143 9 146 10
143 12 146 13
143 14 150 14
143 23 150 23
143 39 150 39
143 43 146 44
143 48 150 48
143 56 150 56
143 61 150 61
143 66 150 66
143 95 150 95
143 99 146 100
143 111 146 112
143 117 146 118
143 124 150 124
143 138 146 139
143 145 144 148
143 177 150 177
143 180 146 181
143 183 150 183
143 194 150 194
143 195 144 198
143 199 146 200
143 211 150 211
143 223 150 223
143 242 146 243
144 7 151 7
144 27 151 27
144 32 145 35
144 70 151 70
144 73 147 74
144 77 151 77
144 84 151 84
144 85 151 85
144 104 147 105
144 106 151 106
144 130 151 130
144 140 151 140
144 141 147 142
144 163 151 163
144 175 151 175
144 187 151 187
144 191 151 191
145 0 148 1
145 2 148 3
145 25 152 25
145 31 152 31
145 68 152 68
145 108 152 108
145 120 152 120
145 147 148 148
145 151 152 151
145 157 148 158
145 172 152 172
145 182 152 182
145 195 148 196
145 208 152 208
145 209 148 210
145 229 152 229
145 230 152 230
145 239 148 240
145 241 152 241
146 6 153 6
146 29 149 30
146 34 149 35
146 46 149 47
146 53 149 54
146 71 149 72
146 87 153 87
146 91 153 91
146 92 153 92
146 97 153 97
146 102 149 103
146 132 153 132
146 143 153 143
146 146 153 146
146 166 153 166
146 174 153 174
146 178 153 178
146 185 153 185
146 203 153 203
146 214 153 214
146 234 153 234
147 10 150 11
147 12 154 12
147 17 154 17
147 28 154 28
147 42 154 42
147 43 154 43
147 60 154 60
147 62 154 62
147 63 154 63
147 79 154 79
147 98 154 98
147 116 148 119
147 135 154 135
147 138 154 138
147 144 154 144
147 145 154 145
147 149 150 150
147 153 150 154
147 161 154 161
147 162 154 162
147 167 154 167
147 189 154 189
147 198 150 199
147 201 154 201
147 225 154 225
147 226 154 226
147 235 154 235
147 248 154 248
148 15 155 15
148 16 155 16
148 20 151 21
148 24 155 24
148 33 155 33
148 38 155 38
148 40 151 41
148 49 151 50
148 59 155 59
148 73 155 73
148 81 155 81
148 99 151 100
148 111 155 111
148 141 155 141
148 142 155 142
148 152 155 152
148 164 155 164
148 169 151 170
148 179 151 180
148 188 155 188
148 192 155 192
148 204 151 205
148 215 149 218
148 231 151 232
148 242 151 243
148 245 151 246
149 0 156 0
149 3 156 3
149 5 156 5
149 19 156 19
149 44 156 44
149 52 156 52
149 57 156 57
149 64 152 65
149 78 156 78
149 88 156 88
149 104 156 104
149 112 156 112
149 113 156 113
149 115 150 118
149 119 156 119
149 123 156 123
149 125 156 125
149 127 156 127
149 147 156 147
149 156 150 159
149 195 152 196
149 206 156 206
149 209 152 210
149 222 156 222
149 239 152 240
150 1 157 1
150 9 157 9
150 13 157 13
150 30 157 30
150 34 153 35
150 37 157 37
150 45 157 45
150 55 157 55
150 71 153 72
150 74 157 74
150 80 157 80
150 82 157 82
150 83 157 83
150 86 157 86
150 94 157 94
150 121 157 121
150 131 157 131
150 136 157 136
150 137 157 137
150 148 157 148
150 155 157 155
150 168 157 168
150 176 157 176
150 193 157 193
150 200 157 200
150 212 157 212
150 216 157 216
150 218 153 219
150 220 157 220
150 227 157 227
150 228 157 228
150 233 157 233
150 237 153 238
150 247 157 247
151 2 158 2
151 10 154 11
151 22 158 22
151 23 158 23
151 47 154 48
151 75 158 75
151 76 158 76
151 95 154 96
151 109 158 109
151 114 152 117
151 118 158 118
151 128 158 128
151 149 154 150
151 157 158 157
151 158 158 158
151 159 158 159
151 160 158 160
151 173 158 173
151 194 158 194
151 197 154 198
151 224 158 224
152 7 159 7
152 50 159 50
152 67 159 67
152 69 159 69
152 70 159 70
152 85 159 85
152 102 159 102
152 103 159 103
152 107 159 107
152 110 159 110
152 129 155 130
152 133 159 133
152 134 159 134
152 139 155 140
152 153 159 153
152 165 159 165
152 169 159 169
152 175 159 175
152 177 159 177
152 186 155 187
152 204 159 204
152 215 159 215
152 242 155 243
153 18 160 18
153 31 160 31
153 36 160 36
153 39 156 40
153 64 160 64
153 68 160 68
153 99 160 99
153 100 156 101
153 105 160 105
153 114 154 117
153 151 160 151
153 156 160 156
153 171 160 171
153 181 156 182
153 183 160 183
153 195 156 196
153 207 154 210
153 211 160 211
153 229 160 229
153 231 156 232
153 240 160 240
153 244 156 245
153 249 160 249
154 4 161 4
154 8 161 8
154 26 161 26
154 29 161 29
154 46 161 46
154 51 161 51
154 65 157 66
154 90 157 91
154 93 161 93
154 97 161 97
154 108 161 108
154 143 161 143
154 146 161 146
154 172 161 172
154 178 161 178
154 180 161 180
154 185 161 185
154 191 161 191
154 199 161 199
154 202 161 202
154 219 161 219
154 238 161 238
154 246 161 246
155 6 162 6
155 11 158 12
155 27 162 27
155 43 162 43
155 53 158 54
155 56 162 56
155 60 156 63
155 72 162 72
155 87 162 87
155 95 158 96
155 98 162 98
155 114 156 117
155 126 162 126
155 138 162 138
155 154 162 154
155 161 162 161
155 163 162 163
155 189 162 189
155 205 162 205
155 208 158 209
155 213 162 213
155 225 158 226
155 230 162 230
155 237 162 237
155 241 162 241
156 10 163 10
156 14 163 14
156 17 163 17
156 24 159 25
156 33 159 34
156 38 163 38
156 47 163 47
156 59 163 59
156 79 163 79
156 122 163 122
156 124 163 124
156 130 163 130
156 142 163 142
156 167 163 167
156 170 163 170
156 179 163 179
156 187 159 188
156 190 163 190
156 197 163 197
156 203 163 203
156 218 163 218
156 234 163 234
157 19 164 19
157 20 160 21
157 39 164 39
157 41 164 41
157 44 164 44
157 48 160 49
157 57 164 57
157 62 164 62
157 88 164 88
157 92 164 92
157 100 164 100
157 101 164 101
157 112 158 115
157 116 164 116
157 117 164 117
157 119 164 119
157 125 164 125
157 129 164 129
157 139 160 140
157 149 160 150
157 181 164 181
157 182 164 182
157 195 160 196
157 206 160 207
157 210 164 210
157 221 164 221
157 222 164 222
157 231 160 232
157 235 160 236
157 244 164 244
158 1 165 1
158 30 165 30
158 55 165 55
158 65 165 65
158 66 165 66
158 74 165 74
158 77 161 78
158 80 161 81
158 94 165 94
158 120 165 120
158 127 165 127
158 132 165 132
158 166 165 166
158 216 165 216
158 220 165 220
158 227 161 228
158 233 165 233
158 247 161 248
159 5 166 5
159 11 162 12
159 15 162 16
159 45 166 45
159 53 166 53
159 58 166 58
159 60 166 60
159 63 166 63
159 75 166 75
159 83 162 84
159 89 166 89
159 96 166 96
159 106 166 106
159 111 162 112
159 114 166 114
159 128 166 128
159 136 162 137
159 144 166 144
159 157 166 157
159 159 166 159
159 160 166 160
159 192 166 192
159 193 162 194
159 214 166 214
159 225 166 225
159 226 166 226
160 2 167 2
160 9 167 9
160 22 167 22
160 23 167 23
160 34 167 34
160 50 167 50
160 85 167 85
160 95 167 95
160 103 163 104
160 107 167 107
160 109 167 109
160 121 167 121
160 133 167 133
160 134 163 135
160 145 167 145
160 147 163 148
160 162 167 162
160 165 167 165
160 168 167 168
160 169 167 169
160 173 161 176
160 215 167 215
160 217 167 217
160 242 167 242
160 243 167 243
161 7 168 7
161 52 168 52
161 54 168 54
161 68 164 69
161 71 168 71
161 91 168 91
161 99 168 99
161 149 162 152
161 183 164 184
161 187 164 188
161 195 168 195
161 207 164 208
161 231 168 231
161 235 168 235
162 8 169 8
162 13 169 13
162 25 165 26
162 36 165 37
162 73 169 73
162 81 165 82
162 131 169 131
162 143 169 143
162 146 169 146
162 155 169 155
162 176 169 176
162 177 165 178
162 185 169 185
162 191 169 191
162 199 169 199
162 202 169 202
162 219 169 219
162 223 169 223
162 227 165 228
162 238 165 239
162 246 169 246
162 247 169 247
162 248 169 248
163 12 170 12
163 16 170 16
163 27 170 27
163 28 166 29
163 51 170 51
163 77 170 77
163 105 170 105
163 110 170 110
163 111 166 112
163 113 170 113
163 126 170 126
163 137 164 140
163 150 166 151
163 153 166 154
163 158 170 158
163 171 166 172
163 174 170 174
163 186 170 186
163 194 170 194
163 204 166 205
163 211 170 211
163 213 170 213
163 230 170 230
163 236 170 236
164 3 171 3
164 10 167 11
164 31 167 32
164 35 171 35
164 38 171 38
164 42 171 42
164 46 165 49
164 61 171 61
164 78 167 79
164 83 167 84
164 104 171 104
164 108 171 108
164 118 171 118
164 122 167 123
164 135 171 135
164 142 171 142
164 147 167 148
164 167 171 167
164 170 171 170
164 189 167 190
164 203 171 203
164 224 171 224
165 18 172 18
165 39 168 40
165 56 172 56
165 67 168 68
165 72 172 72
165 86 168 87
165 97 172 97
165 101 168 102
165 115 172 115
165 129 168 130
165 138 172 138
165 139 172 139
165 156 172 156
165 164 172 164
165 175 172 175
165 187 172 187
165 193 172 193
165 200 172 200
165 206 166 209
165 210 172 210
165 221 168 222
166 0 169 1
166 4 173 4
166 24 169 25
166 30 173 30
166 36 173 36
166 47 173 47
166 55 173 55
166 62 173 62
166 64 169 65
166 81 169 82
166 88 173 88
166 92 173 92
166 127 173 127
166 132 173 132
166 137 173 137
166 161 173 161
166 178 167 181
166 183 173 183
166 197 173 197
166 220 173 220
166 227 169 228
166 238 173 238
166 240 173 240
167 15 174 15
167 19 174 19
167 21 174 21
167 28 174 28
167 44 170 45
167 46 174 46
167 48 174 48
167 75 170 76
167 80 174 80
167 89 174 89
167 93 174 93
167 96 174 96
167 111 170 112
167 114 174 114
167 116 174 116
167 125 174 125
167 128 174 128
167 141 174 141
167 150 170 151
167 157 174 157
167 159 170 160
167 171 174 171
167 182 174 182
167 184 174 184
167 208 170 209
167 214 174 214
167 229 174 229
167 232 174 232
167 237 174 237
168 22 175 22
168 29 175 29
168 31 171 32
168 34 175 34
168 37 175 37
168 57 175 57
168 58 175 58
168 59 171 60
168 84 175 84
168 103 175 103
168 106 175 106
168 120 171 121
168 134 175 134
168 145 175 145
168 147 175 147
168 153 175 153
168 162 175 162
168 172 171 173
168 177 175 177
168 178 171 179
168 204 175 204
168 206 171 207
168 215 175 215
168 217 171 218
168 225 175 225
168 234 175 234
168 241 175 241
168 242 175 242
169 6 176 6
169 53 176 53
169 67 172 68
169 69 172 70
169 71 176 71
169 78 176 78
169 87 176 87
169 91 176 91
169 94 176 94
169 98 172 99
169 100 176 100
169 101 176 101
169 102 176 102
169 122 172 123
169 130 176 130
169 136 176 136
169 165 172 166
169 188 176 188
169 205 176 205
169 222 176 222
169 226 176 226
169 243 176 243
170 0 173 1
170 7 177 7
170 8 177 8
170 10 177 10
170 13 177 13
170 49 177 49
170 54 177 54
170 63 173 64
170 65 173 66
170 73 177 73
170 81 177 81
170 82 173 83
170 85 173 86
170 143 173 144
170 146 177 146
170 148 177 148
170 152 177 152
170 168 173 169
170 198 173 199
170 201 177 201
170 202 177 202
170 216 177 216
170 219 177 219
170 223 177 223
170 227 173 228
170 231 177 231
170 235 177 235
170 244 177 244
171 16 174 17
171 23 178 23
171 24 178 24
171 25 178 25
171 39 178 39
171 40 178 40
171 50 174 51
171 74 178 74
171 75 174 76
171 111 178 111
171 112 174 113
171 131 178 131
171 185 174 186
171 189 178 189
171 190 174 191
171 196 178 196
171 221 178 221
171 230 178 230
171 233 178 233
171 248 178 248
171 249 178 249
172 2 175 3
172 27 179 27
172 31 175 32
172 35 179 35
172 41 175 42
172 44 175 45
172 59 179 59
172 60 179 60
172 61 179 61
172 90 179 90
172 107 173 110
172 117 173 120
172 126 179 126
172 135 179 135
172 149 179 149
172 150 175 151
172 159 175 160
172 167 179 167
172 173 179 173
172 179 179 179
172 181 179 181
172 194 179 194
172 206 175 207
172 236 179 236
173 52 180 52
173 95 180 95
173 97 180 97
173 98 176 99
173 104 180 104
173 115 180 115
173 123 176 124
173 133 180 133
173 139 180 139
173 163 176 164
173 165 176 166
173 175 176 176
173 193 180 193
173 195 180 195
173 200 180 200
173 211 180 211
173 217 180 217
173 245 176 246
174 4 181 4
174 9 181 9
174 30 181 30
174 43 181 43
174 55 177 56
174 62 175 65
174 66 177 67
174 68 177 69
174 82 181 82
174 83 181 83
174 107 177 108
174 117 181 117
174 118 175 121
174 127 181 127
174 129 181 129
174 138 181 138
174 142 177 143
174 144 181 144
174 154 177 155
174 168 181 168
174 180 181 180
174 183 181 183
174 197 177 198
174 220 181 220
174 224 181 224
174 238 181 238
174 239 177 240
175 11 182 11
175 14 178 15
175 16 182 16
175 17 178 18
175 19 182 19
175 20 182 20
175 21 182 21
175 46 178 47
175 76 182 76
175 88 178 89
175 92 182 92
175 96 182 96
175 105 182 105
175 113 182 113
175 114 182 114
175 116 182 116
175 125 182 125
175 128 182 128
175 156 182 156
175 171 182 171
175 184 176 187
175 209 182 209
175 212 182 212
175 214 182 214
175 218 182 218
175 228 182 228
176 0 179 1
176 2 183 2
176 12 183 12
176 26 183 26
176 31 183 31
176 36 179 37
176 44 179 45
176 50 179 51
176 58 183 58
176 62 183 62
176 63 179 64
176 75 183 75
176 80 183 80
176 119 179 120
176 134 183 134
176 145 183 145
176 147 183 147
176 151 183 151
176 157 183 157
176 159 183 159
176 162 183 162
176 190 179 191
176 199 183 199
176 207 179 208
176 213 183 213
176 234 183 234
176 241 179 242
177 5 180 6
177 28 180 29
177 32 180 33
177 38 184 38
177 42 184 42
177 70 180 71
177 84 180 85
177 93 180 94
177 106 184 106
177 118 184 118
177 121 178 124
177 130 184 130
177 160 184 160
177 163 178 166
177 174 184 174
177 176 184 176
177 177 180 178
177 184 180 185
177 186 184 186
177 192 184 192
177 205 180 206
177 226 180 227
177 229 184 229
177 232 184 232
178 3 185 3
178 7 181 8
178 10 185 10
178 54 185 54
178 56 185 56
178 57 185 57
178 66 185 66
178 67 181 68
178 72 181 73
178 77 181 78
178 81 185 81
178 86 185 86
178 98 185 98
178 99 179 102
178 110 185 110
178 141 185 141
178 142 181 143
178 146 185 146
178 187 185 187
178 204 185 204
178 219 185 219
178 223 185 223
178 239 185 239
179 18 186 18
179 23 186 23
179 39 186 39
179 40 186 40
179 46 182 47
179 55 186 55
179 79 186 79
179 87 182 88
179 103 186 103
179 108 182 109
179 123 182 124
179 150 186 150
179 152 186 152
179 163 186 163
179 164 182 165
179 166 186 166
179 169 186 169
179 196 186 196
179 201 186 201
179 210 186 210
179 230 186 230
179 231 186 231
179 240 186 240
179 245 182 246
179 247 186 247
179 248 182 249
180 0 183 1
180 13 183 14
180 15 187 15
180 27 187 27
180 34 187 34
180 35 183 36
180 41 187 41
180 60 183 61
180 63 187 63
180 74 187 74
180 89 187 89
180 90 187 90
180 91 187 91
180 99 181 102
180 119 181 122
180 136 183 137
180 154 187 154
180 172 183 173
180 179 187 179
180 188 187 188
180 190 187 190
180 197 183 198
180 202 187 202
180 233 187 233
180 237 187 237
180 242 183 243
181 5 184 6
181 28 184 29
181 32 184 33
181 50 188 50
181 71 188 71
181 93 184 94
181 97 188 97
181 111 188 111
181 115 188 115
181 139 188 139
181 167 188 167
181 182 188 182
181 184 188 184
181 193 184 194
181 195 188 195
181 200 188 200
181 203 188 203
181 205 188 205
181 216 188 216
182 4 189 4
182 30 189 30
182 37 189 37
182 43 185 44
182 49 189 49
182 67 185 68
182 73 189 73
182 82 189 82
182 99 189 99
182 101 189 101
182 102 189 102
182 119 189 119
182 120 189 120
182 121 189 121
182 126 189 126
182 131 189 131
182 143 185 144
182 153 189 153
182 168 189 168
182 180 189 180
182 207 189 207
182 224 189 224
183 7 186 8
183 45 190 45
183 48 190 48
183 76 186 77
183 78 190 78
183 85 190 85
183 105 190 105
183 116 190 116
183 122 184 125
183 127 186 128
183 135 190 135
183 156 190 156
183 164 186 165
183 170 186 171
183 177 190 177
183 189 190 189
183 211 190 211
183 214 190 214
183 217 186 218
183 227 190 227
183 238 190 238
183 241 190 241
183 244 186 245
184 0 191 0
184 11 187 12
184 13 187 14
184 16 187 17
184 19 191 19
184 20 187 21
184 22 191 22
184 46 187 47
184 52 187 53
184 58 191 58
184 84 191 84
184 108 191 108
184 109 191 109
184 112 187 113
184 129 191 129
184 137 187 138
184 145 191 145
184 151 191 151
184 161 187 162
184 181 191 181
184 197 187 198
184 208 187 209
184 212 187 213
184 215 191 215
185 5 188 6
185 9 192 9
185 28 188 29
185 32 192 32
185 64 192 64
185 69 192 69
185 92 192 92
185 93 192 93
185 106 192 106
185 117 192 117
185 124 188 125
185 159 192 159
185 172 186 175
185 192 188 193
185 206 192 206
185 221 192 221
185 228 188 229
185 249 192 249
186 33 193 33
186 43 189 44
186 56 193 56
186 62 193 62
186 66 193 66
186 67 189 68
186 83 193 83
186 122 193 122
186 133 189 134
186 140 187 143
186 146 189 147
186 185 193 185
186 186 189 187
186 204 193 204
186 222 189 223
186 239 193 239
186 248 193 248
187 25 194 25
187 35 194 35
187 39 194 39
187 42 194 42
187 51 194 51
187 60 194 60
187 76 194 76
187 88 194 88
187 123 194 123
187 127 194 127
187 128 194 128
187 130 194 130
187 132 194 132
187 152 194 152
187 158 194 158
187 165 190 166
187 173 188 176
187 210 194 210
187 231 194 231
187 234 190 235
187 236 194 236
187 246 190 247
188 7 195 7
188 10 189 13
188 14 195 14
188 15 195 15
188 26 191 27
188 46 195 46
188 52 195 52
188 53 195 53
188 54 195 54
188 55 195 55
188 79 195 79
188 86 195 86
188 90 191 91
188 96 195 96
188 107 195 107
188 112 195 112
188 138 195 138
188 140 195 140
188 142 195 142
188 143 195 143
188 149 195 149
188 154 195 154
188 160 189 163
188 170 191 171
188 179 195 179
188 196 195 196
188 198 195 198
188 201 191 202
188 208 195 208
188 209 195 209
188 213 195 213
188 217 195 217
188 230 195 230
188 242 191 243
189 17 196 17
189 20 196 20
189 29 196 29
189 34 196 34
189 40 196 40
189 59 196 59
189 70 196 70
189 71 196 71
189 95 196 95
189 97 196 97
189 103 192 104
189 113 196 113
189 125 196 125
189 137 196 137
189 139 196 139
189 164 196 164
189 172 196 172
189 175 196 175
189 176 196 176
189 182 196 182
189 183 196 183
189 188 196 188
189 191 190 194
189 200 196 200
189 205 196 205
189 219 192 220
189 225 196 225
189 226 196 226
189 233 196 233
189 244 196 244
190 2 191 5
190 10 193 11
190 12 193 13
190 30 197 30
190 37 197 37
190 43 193 44
190 47 197 47
190 63 197 63
190 67 197 67
190 81 197 81
190 82 197 82
190 99 193 100
190 102 197 102
190 118 197 118
190 131 197 131
190 133 193 134
190 146 193 147
190 160 193 161
190 163 197 163
190 168 193 169
190 174 197 174
190 184 197 184
190 203 197 203
190 222 193 223
190 224 197 224
190 232 197 232
191 23 194 24
191 61 198 61
191 78 198 78
191 85 198 85
191 87 198 87
191 116 198 116
191 119 198 119
191 148 198 148
191 177 198 177
191 178 198 178
191 186 198 186
191 189 194 190
191 211 194 212
191 214 198 214
191 234 198 234
191 241 198 241
191 245 198 245
191 246 198 246
192 2 193 5
192 22 199 22
192 26 195 27
192 49 195 50
192 57 195 58
192 72 199 72
192 73 199 73
192 75 199 75
192 90 199 90
192 91 199 91
192 101 199 101
192 108 195 109
192 120 199 120
192 144 199 144
192 145 199 145
192 151 199 151
192 165 195 166
192 170 199 170
192 171 199 171
192 180 199 180
192 181 199 181
192 187 199 187
192 191 193 194
192 201 199 201
192 207 199 207
192 216 199 216
192 228 195 229
192 237 199 237
192 240 199 240
193 18 196 19
193 31 196 32
193 92 196 93
193 220 196 221
194 4 197 5
194 43 197 44
194 103 195 106
194 110 197 111
194 121 197 122
194 133 197 134
194 135 197 136
194 156 197 157
194 167 197 168
194 192 197 193
194 194 197 195
194 238 197 239
194 248 197 249
195 8 196 11
195 127 196 130
195 210 198 211
195 222 198 223
196 0 197 3
196 23 199 24
196 41 199 42
196 48 199 49
196 51 197 54
196 68 199 69
196 103 199 104
196 107 199 108
196 152 199 153
196 158 199 159
196 212 199 213
196 227 199 228
197 6 198 9
197 12 197 19
197 31 198 34
197 57 198 60
197 93 198 96
197 127 198 130
197 140 198 143
197 188 198 191
197 217 198 220
198 0 199 3
198 10 199 13
198 37 199 40
198 112 199 115
198 160 199 163
198 173 199 176
198 182 199 185
198 192 198 199
198 202 199 205
199 51 199 58
199 59 199 66
199 125 199 132
199 190 199 197
199 218 199 225
199 229 199 236
